********************************************************************************
DUPLICATOR-LITE PACKAGE-LOG: January 3, 2019 9:10 pm
NOTICE: Do NOT post to public sites or forums 
********************************************************************************
VERSION:	1.3.2
WORDPRESS:	5.0
PHP INFO:	7.2.10 | SAPI: apache2handler
SERVER:		Apache/2.2.34 (Unix) mod_wsgi/3.5 Python/2.7.13 PHP/7.2.10 mod_ssl/2.2.34 OpenSSL/1.0.2o DAV/2 mod_fastcgi/mod_fastcgi-SNAP-0910052141 mod_perl/2.0.9 Perl/v5.24.0 
PHP TIME LIMIT: (0) no time limit imposed 
PHP MAX MEMORY: 2048M (256M default) 
MEMORY STACK: 14.25MB 

********************************************************************************
DATABASE:
********************************************************************************
BUILD MODE:   PHP(query limit - 100)
MYSQLTIMEOUT: 5000
MYSQLDUMP:    Not Supported 
TABLES: total:15 | filtered:0 | create:15 
FILTERED: [] 
SQL CREATED: 20190103_kleaner_544b19c1bde707ff6137_20190103211005_database.sql 
SQL FILE SIZE: 985.7KB (1009353) 
SQL FILE TIME: 2019-01-03 21:10:12 
SQL RUNTIME: 0.16 sec. 

******************************************************************************** 
ARCHIVE (ZIP): 
******************************************************************************** 
ARCHIVE DIR:  /Users/joce/Desktop/DESAFIO-LATAM/ACT01_seo-deploy-seguridad_WP/wordpress 
ARCHIVE FILE: 20190103_kleaner_544b19c1bde707ff6137_20190103211005_archive.zip 
FILTERS: *OFF* 
DIRS:
	not set 
FILES:
	not set 
EXTS:  not set 
---------------------------------------- 
COMPRESSING 
SIZE:	65.15MB 
STATS:	Dirs 483 | Files 3,506 
SQL ADDED: 20190103_kleaner_544b19c1bde707ff6137_20190103211005_database.sql 
ZipArchive Object
(
    [status] => 0
    [statusSys] => 0
    [numFiles] => 3989
    [filename] => /Users/joce/Desktop/DESAFIO-LATAM/ACT01_seo-deploy-seguridad_WP/wordpress/wp-snapshots/tmp/20190103_kleaner_544b19c1bde707ff6137_20190103211005_archive.zip
    [comment] => 
)
 
COMPRESSION RESULT: '1' 
COMPRESSED SIZE: 22.27MB 
ARCHIVE RUNTIME: 14.50 sec. 
MEMORY STACK: 14.25MB 
building installer 
add_extra_files1 
add_extra_files2 
add_extra_files3 
add_extra_files4 
Doing archive file check 
add_extra_files5 
add_extra_files6 
add_extra_files8 
Successfully opened zip /Users/joce/Desktop/DESAFIO-LATAM/ACT01_seo-deploy-seguridad_WP/wordpress/wp-snapshots/tmp/20190103_kleaner_544b19c1bde707ff6137_20190103211005_archive.zip 
Adding enhanced installer files to archive using ZipArchive 
Installer files added to archive 
Added to archive 
After ziparchive close when adding installer 

******************************************************************************** 
INTEGRITY CHECKS: 
******************************************************************************** 
SQL File: 985.7KB 
Installer File: 32.95KB 
Archive File: 23.11MB  

********************************************************************************
RECORD ID:[1]
TOTAL PROCESS RUNTIME: 16.19 sec.
PEAK PHP MEMORY USED: 18.25MB
DONE PROCESSING => 20190103_kleaner January 3, 2019 9:10 pm
 
